<?xml version="1.0" encoding="UTF-8"?>
<!-- Generated by org.testng.reporters.JUnitXMLReporter -->
<testsuite ignored="0" hostname="Rishabhs-MacBook-Air.local" failures="0" tests="4" name="Default test" time="5.63" errors="0" timestamp="2022-06-28T02:16:08 IST">
  <testcase classname="Runner.ApiTestCases" name="Test_001_createUser" time="4.855"/>
  <testcase classname="Runner.ApiTestCases" name="Test_002_sameEmailAddress" time="0.236"/>
  <testcase classname="Runner.ApiTestCases" name="Test_003_invalidEmail" time="0.186"/>
  <testcase classname="Runner.ApiTestCases" name="Test_004_fetchEntries" time="0.29"/>
</testsuite> <!-- Default test -->
