<?xml version="1.0" encoding="UTF-8"?>
<testng-results ignored="3" total="5" passed="2" failed="0" skipped="0">
  <reporter-output>
  </reporter-output>
  <suite started-at="2022-06-26T15:24:16 IST" name="Default suite" finished-at="2022-06-26T15:24:22 IST" duration-ms="5996">
    <groups>
    </groups>
    <test started-at="2022-06-26T15:24:16 IST" name="Default test" finished-at="2022-06-26T15:24:22 IST" duration-ms="5996">
      <class name="org.testing.TestScript.TestCases">
        <test-method signature="createUser()[pri:0, instance:org.testing.TestScript.TestCases@32ee6fee]" started-at="2022-06-26T15:24:16 IST" name="createUser" finished-at="2022-06-26T15:24:21 IST" duration-ms="5487" status="PASS">
          <reporter-output>
          </reporter-output>
        </test-method> <!-- createUser -->
        <test-method signature="fetchEntries()[pri:0, instance:org.testing.TestScript.TestCases@32ee6fee]" started-at="2022-06-26T15:24:21 IST" name="fetchEntries" finished-at="2022-06-26T15:24:22 IST" duration-ms="422" status="PASS">
          <reporter-output>
          </reporter-output>
        </test-method> <!-- fetchEntries -->
      </class> <!-- org.testing.TestScript.TestCases -->
    </test> <!-- Default test -->
  </suite> <!-- Default suite -->
</testng-results>
