<?xml version="1.0" encoding="UTF-8"?>
<testng-results ignored="0" total="4" passed="4" failed="0" skipped="0">
  <reporter-output>
  </reporter-output>
  <suite started-at="2022-06-27T01:57:40 IST" name="Default suite" finished-at="2022-06-27T01:57:47 IST" duration-ms="7606">
    <groups>
    </groups>
    <test started-at="2022-06-27T01:57:40 IST" name="Default test" finished-at="2022-06-27T01:57:47 IST" duration-ms="7606">
      <class name="Runner.runnerClass">
        <test-method signature="Test_001_createUser()[pri:0, instance:Runner.runnerClass@505fc5a4]" started-at="2022-06-27T01:57:40 IST" name="Test_001_createUser" finished-at="2022-06-27T01:57:46 IST" duration-ms="6561" status="PASS">
          <reporter-output>
          </reporter-output>
        </test-method> <!-- Test_001_createUser -->
        <test-method signature="Test_002_sameEmailAddress()[pri:0, instance:Runner.runnerClass@505fc5a4]" started-at="2022-06-27T01:57:46 IST" name="Test_002_sameEmailAddress" finished-at="2022-06-27T01:57:47 IST" duration-ms="224" status="PASS">
          <reporter-output>
          </reporter-output>
        </test-method> <!-- Test_002_sameEmailAddress -->
        <test-method signature="Test_003_invalidEmail()[pri:0, instance:Runner.runnerClass@505fc5a4]" started-at="2022-06-27T01:57:47 IST" name="Test_003_invalidEmail" finished-at="2022-06-27T01:57:47 IST" duration-ms="384" status="PASS">
          <reporter-output>
          </reporter-output>
        </test-method> <!-- Test_003_invalidEmail -->
        <test-method signature="Test_004_fetchEntries()[pri:0, instance:Runner.runnerClass@505fc5a4]" started-at="2022-06-27T01:57:47 IST" name="Test_004_fetchEntries" finished-at="2022-06-27T01:57:47 IST" duration-ms="348" status="PASS">
          <reporter-output>
          </reporter-output>
        </test-method> <!-- Test_004_fetchEntries -->
      </class> <!-- Runner.runnerClass -->
    </test> <!-- Default test -->
  </suite> <!-- Default suite -->
</testng-results>
