<?xml version="1.0" encoding="UTF-8"?>
<!-- Generated by org.testng.reporters.JUnitXMLReporter -->
<testsuite ignored="3" hostname="Rishabhs-MacBook-Air.local" failures="0" tests="2" name="Default test" time="5.996" errors="0" timestamp="2022-06-26T15:24:22 IST">
  <testcase classname="org.testing.TestScript.TestCases" name="createUser" time="5.487"/>
  <testcase classname="org.testing.TestScript.TestCases" name="fetchEntries" time="0.422"/>
  <testcase classname="org.testing.TestScript.TestCases" name="TC02_" time="0.0">
    <ignored/>
  </testcase> <!-- TC02_ -->
  <testcase classname="org.testing.TestScript.TestCases" name="userFieldsMissing" time="0.0">
    <ignored/>
  </testcase> <!-- userFieldsMissing -->
  <testcase classname="org.testing.TestScript.TestCases" name="invalidEmail" time="0.0">
    <ignored/>
  </testcase> <!-- invalidEmail -->
</testsuite> <!-- Default test -->
