<?xml version="1.0" encoding="UTF-8"?>
<!-- Generated by org.testng.reporters.JUnitXMLReporter -->
<testsuite ignored="0" hostname="Rishabhs-MacBook-Air.local" failures="0" tests="4" name="Default test" time="7.606" errors="0" timestamp="2022-06-27T01:57:47 IST">
  <testcase classname="Runner.runnerClass" name="Test_001_createUser" time="6.561"/>
  <testcase classname="Runner.runnerClass" name="Test_002_sameEmailAddress" time="0.224"/>
  <testcase classname="Runner.runnerClass" name="Test_003_invalidEmail" time="0.384"/>
  <testcase classname="Runner.runnerClass" name="Test_004_fetchEntries" time="0.348"/>
</testsuite> <!-- Default test -->
