<?xml version="1.0" encoding="UTF-8"?>
<testng-results ignored="0" total="4" passed="4" failed="0" skipped="0">
  <reporter-output>
  </reporter-output>
  <suite started-at="2022-06-28T02:16:03 IST" name="Default suite" finished-at="2022-06-28T02:16:08 IST" duration-ms="5630">
    <groups>
    </groups>
    <test started-at="2022-06-28T02:16:03 IST" name="Default test" finished-at="2022-06-28T02:16:08 IST" duration-ms="5630">
      <class name="Runner.ApiTestCases">
        <test-method signature="Test_001_createUser()[pri:0, instance:Runner.ApiTestCases@3d6f0054]" started-at="2022-06-28T02:16:03 IST" name="Test_001_createUser" finished-at="2022-06-28T02:16:08 IST" duration-ms="4855" status="PASS">
          <reporter-output>
          </reporter-output>
        </test-method> <!-- Test_001_createUser -->
        <test-method signature="Test_002_sameEmailAddress()[pri:0, instance:Runner.ApiTestCases@3d6f0054]" started-at="2022-06-28T02:16:08 IST" name="Test_002_sameEmailAddress" finished-at="2022-06-28T02:16:08 IST" duration-ms="236" status="PASS">
          <reporter-output>
          </reporter-output>
        </test-method> <!-- Test_002_sameEmailAddress -->
        <test-method signature="Test_003_invalidEmail()[pri:0, instance:Runner.ApiTestCases@3d6f0054]" started-at="2022-06-28T02:16:08 IST" name="Test_003_invalidEmail" finished-at="2022-06-28T02:16:08 IST" duration-ms="186" status="PASS">
          <reporter-output>
          </reporter-output>
        </test-method> <!-- Test_003_invalidEmail -->
        <test-method signature="Test_004_fetchEntries()[pri:0, instance:Runner.ApiTestCases@3d6f0054]" started-at="2022-06-28T02:16:08 IST" name="Test_004_fetchEntries" finished-at="2022-06-28T02:16:08 IST" duration-ms="290" status="PASS">
          <reporter-output>
          </reporter-output>
        </test-method> <!-- Test_004_fetchEntries -->
      </class> <!-- Runner.ApiTestCases -->
    </test> <!-- Default test -->
  </suite> <!-- Default suite -->
</testng-results>
